<?xml version="1.0" encoding="UTF-8"?>
<testng-results total="1" passed="1" failed="0" skipped="0">
  <reporter-output>
  </reporter-output>
  <suite started-at="2022-08-05T05:18:24Z" name="Default suite" finished-at="2022-08-05T05:18:29Z" duration-ms="4607">
    <groups>
    </groups>
    <test started-at="2022-08-05T05:18:24Z" name="Default test" finished-at="2022-08-05T05:18:29Z" duration-ms="4607">
      <class name="automationz.AutomationTask">
        <test-method signature="firstMethod()[pri:0, instance:automationz.AutomationTask@45d2ade3]" started-at="2022-08-05T11:18:24Z" name="firstMethod" finished-at="2022-08-05T11:18:29Z" duration-ms="4600" status="PASS">
          <reporter-output>
          </reporter-output>
        </test-method> <!-- firstMethod -->
      </class> <!-- automationz.AutomationTask -->
    </test> <!-- Default test -->
  </suite> <!-- Default suite -->
</testng-results>
